#
# There is insufficient memory for the Java Runtime Environment to continue.
# Native memory allocation (malloc) failed to allocate 280416 bytes for Chunk::new
# Possible reasons:
#   The system is out of physical RAM or swap space
#   The process is running with CompressedOops enabled, and the Java Heap may be blocking the growth of the native heap
# Possible solutions:
#   Reduce memory load on the system
#   Increase physical memory or swap space
#   Check if swap backing store is full
#   Decrease Java heap size (-Xmx/-Xms)
#   Decrease number of Java threads
#   Decrease Java thread stack sizes (-Xss)
#   Set larger code cache with -XX:ReservedCodeCacheSize=
#   JVM is running with Zero Based Compressed Oops mode in which the Java heap is
#     placed in the first 32GB address space. The Java Heap base address is the
#     maximum limit for the native heap growth. Please use -XX:HeapBaseMinAddress
#     to set the Java Heap base and to place the Java Heap above 32GB virtual address.
# This output file may be truncated or incomplete.
#
#  Out of Memory Error (arena.cpp:189), pid=60332, tid=60428
#
# JRE version: OpenJDK Runtime Environment Temurin-17.0.8.1+1 (17.0.8.1+1) (build 17.0.8.1+1)
# Java VM: OpenJDK 64-Bit Server VM Temurin-17.0.8.1+1 (17.0.8.1+1, mixed mode, tiered, compressed oops, compressed class ptrs, g1 gc, windows-amd64)
# No core dump will be written. Minidumps are not enabled by default on client versions of Windows
#

---------------  S U M M A R Y ------------

Command Line: -ea -Dfile.encoding=UTF-8 -Dstdout.encoding=UTF-8 -Dstderr.encoding=UTF-8 -XX:+ShowCodeDetailsInExceptionMessages -agentpath:C:\Program Files\SentinelOne\Sentinel Agent 23.3.3.264\SentinelJava64.dll=extendedCapabilities org.testng.remote.RemoteTestNG -serport 56983 -protocol json -d D:\Selenium\RTS_LMD\test-output C:\Users\HRIDES~1\AppData\Local\Temp\testng-eclipse-2106388183\testng-customsuite.xml

Host: Intel(R) Core(TM) i3-10110U CPU @ 2.10GHz, 4 cores, 15G,  Windows 11 , 64 bit Build 22621 (10.0.22621.3085)
Time: Mon Mar 11 22:04:38 2024 India Standard Time elapsed time: 2.231913 seconds (0d 0h 0m 2s)

---------------  T H R E A D  ---------------

Current thread (0x000001c6fbf95540):  JavaThread "C2 CompilerThread0" daemon [_thread_in_native, id=60428, stack(0x0000008f4fe00000,0x0000008f4ff00000)]


Current CompileTask:
C2:   2233  933 %     4       sun.security.provider.SHA::implCompress0 @ 27 (506 bytes)

Stack: [0x0000008f4fe00000,0x0000008f4ff00000]
Native frames: (J=compiled Java code, j=interpreted, Vv=VM code, C=native code)
V  [jvm.dll+0x678b0a]
V  [jvm.dll+0x835e84]
V  [jvm.dll+0x83762e]
V  [jvm.dll+0x837c93]
V  [jvm.dll+0x24746f]
V  [jvm.dll+0xac20c]
V  [jvm.dll+0xac7dc]
V  [jvm.dll+0x2ae7af]
V  [jvm.dll+0x581427]
V  [jvm.dll+0x222602]
V  [jvm.dll+0x2229df]
V  [jvm.dll+0x21ba55]
V  [jvm.dll+0x218f0b]
V  [jvm.dll+0x1a534d]
V  [jvm.dll+0x228d8a]
V  [jvm.dll+0x226dcc]
V  [jvm.dll+0x7ec09b]
V  [jvm.dll+0x7e64ca]
V  [jvm.dll+0x677955]
C  [ucrtbase.dll+0x29363]
C  [KERNEL32.DLL+0x1257d]
C  [ntdll.dll+0x5aa58]


---------------  P R O C E S S  ---------------

Threads class SMR info:
_java_thread_list=0x000001c6fccea740, length=13, elements={
0x000001c6ddc80780, 0x000001c6f9b69fd0, 0x000001c6f9b6b2c0, 0x000001c6fbf83290,
0x000001c6fbf83b60, 0x000001c6fbf84fe0, 0x000001c6fbf89960, 0x000001c6fbf95540,
0x000001c6fbff4920, 0x000001c6f9b7bb40, 0x000001c6fc123e90, 0x000001c6fc136710,
0x000001c6fccf2a80
}

Java Threads: ( => current thread )
  0x000001c6ddc80780 JavaThread "main" [_thread_in_vm, id=60368, stack(0x0000008f4f000000,0x0000008f4f100000)]
  0x000001c6f9b69fd0 JavaThread "Reference Handler" daemon [_thread_blocked, id=60264, stack(0x0000008f4f800000,0x0000008f4f900000)]
  0x000001c6f9b6b2c0 JavaThread "Finalizer" daemon [_thread_blocked, id=60260, stack(0x0000008f4f900000,0x0000008f4fa00000)]
  0x000001c6fbf83290 JavaThread "Signal Dispatcher" daemon [_thread_blocked, id=55588, stack(0x0000008f4fa00000,0x0000008f4fb00000)]
  0x000001c6fbf83b60 JavaThread "Attach Listener" daemon [_thread_blocked, id=54940, stack(0x0000008f4fb00000,0x0000008f4fc00000)]
  0x000001c6fbf84fe0 JavaThread "Service Thread" daemon [_thread_blocked, id=60420, stack(0x0000008f4fc00000,0x0000008f4fd00000)]
  0x000001c6fbf89960 JavaThread "Monitor Deflation Thread" daemon [_thread_blocked, id=60424, stack(0x0000008f4fd00000,0x0000008f4fe00000)]
=>0x000001c6fbf95540 JavaThread "C2 CompilerThread0" daemon [_thread_in_native, id=60428, stack(0x0000008f4fe00000,0x0000008f4ff00000)]
  0x000001c6fbff4920 JavaThread "C1 CompilerThread0" daemon [_thread_blocked, id=60432, stack(0x0000008f4ff00000,0x0000008f50000000)]
  0x000001c6f9b7bb40 JavaThread "Sweeper thread" daemon [_thread_blocked, id=60436, stack(0x0000008f50000000,0x0000008f50100000)]
  0x000001c6fc123e90 JavaThread "Notification Thread" daemon [_thread_blocked, id=60440, stack(0x0000008f50100000,0x0000008f50200000)]
  0x000001c6fc136710 JavaThread "Common-Cleaner" daemon [_thread_blocked, id=60448, stack(0x0000008f50300000,0x0000008f50400000)]
  0x000001c6fccf2a80 JavaThread "ReaderThread" [_thread_in_native, id=60512, stack(0x0000008f50900000,0x0000008f50a00000)]

Other Threads:
  0x000001c6f9b77d20 VMThread "VM Thread" [stack: 0x0000008f4f700000,0x0000008f4f800000] [id=60276]
  0x000001c6fc126380 WatcherThread [stack: 0x0000008f50200000,0x0000008f50300000] [id=60444]
  0x000001c6f99a0c80 GCTaskThread "GC Thread#0" [stack: 0x0000008f4f200000,0x0000008f4f300000] [id=53812]
  0x000001c6fc92bd10 GCTaskThread "GC Thread#1" [stack: 0x0000008f50400000,0x0000008f50500000] [id=60472]
  0x000001c6fc92bfd0 GCTaskThread "GC Thread#2" [stack: 0x0000008f50500000,0x0000008f50600000] [id=60476]
  0x000001c6fc62eb00 GCTaskThread "GC Thread#3" [stack: 0x0000008f50600000,0x0000008f50700000] [id=60480]
  0x000001c6ddccd860 ConcurrentGCThread "G1 Main Marker" [stack: 0x0000008f4f300000,0x0000008f4f400000] [id=56252]
  0x000001c6f99ae030 ConcurrentGCThread "G1 Conc#0" [stack: 0x0000008f4f400000,0x0000008f4f500000] [id=56292]
  0x000001c6f9a52de0 ConcurrentGCThread "G1 Refine#0" [stack: 0x0000008f4f500000,0x0000008f4f600000] [id=60288]
  0x000001c6f9a55750 ConcurrentGCThread "G1 Service" [stack: 0x0000008f4f600000,0x0000008f4f700000] [id=60268]

Threads with active compile tasks:
C2 CompilerThread0     2334  933 %     4       sun.security.provider.SHA::implCompress0 @ 27 (506 bytes)

VM state: not at safepoint (normal execution)

VM Mutex/Monitor currently owned by a thread: None

Heap address: 0x0000000702400000, size: 4060 MB, Compressed Oops mode: Zero based, Oop shift amount: 3

CDS archive(s) not mapped
Compressed class space mapped at: 0x0000000800000000-0x0000000840000000, reserved size: 1073741824
Narrow klass base: 0x0000000800000000, Narrow klass shift: 0, Narrow klass range: 0x40000000

GC Precious Log:
 CPUs: 4 total, 4 available
 Memory: 16232M
 Large Page Support: Disabled
 NUMA Support: Disabled
 Compressed Oops: Enabled (Zero based)
 Heap Region Size: 2M
 Heap Min Capacity: 8M
 Heap Initial Capacity: 254M
 Heap Max Capacity: 4060M
 Pre-touch: Disabled
 Parallel Workers: 4
 Concurrent Workers: 1
 Concurrent Refinement Workers: 4
 Periodic GC: Disabled

Heap:
 garbage-first heap   total 260096K, used 10643K [0x0000000702400000, 0x0000000800000000)
  region size 2048K, 4 young (8192K), 1 survivors (2048K)
 Metaspace       used 11677K, committed 11904K, reserved 1114112K
  class space    used 1089K, committed 1216K, reserved 1048576K

Heap Regions: E=young(eden), S=young(survivor), O=old, HS=humongous(starts), HC=humongous(continues), CS=collection set, F=free, OA=open archive, CA=closed archive, TAMS=top-at-mark-start (previous, next)
|   0|0x0000000702400000, 0x0000000702600000, 0x0000000702600000|100%| O|  |TAMS 0x0000000702400000, 0x0000000702400000| Untracked 
|   1|0x0000000702600000, 0x0000000702800000, 0x0000000702800000|100%| O|  |TAMS 0x0000000702600000, 0x0000000702600000| Untracked 
|   2|0x0000000702800000, 0x0000000702864e00, 0x0000000702a00000| 19%| O|  |TAMS 0x0000000702800000, 0x0000000702800000| Untracked 
|   3|0x0000000702a00000, 0x0000000702a00000, 0x0000000702c00000|  0%| F|  |TAMS 0x0000000702a00000, 0x0000000702a00000| Untracked 
|   4|0x0000000702c00000, 0x0000000702c00000, 0x0000000702e00000|  0%| F|  |TAMS 0x0000000702c00000, 0x0000000702c00000| Untracked 
|   5|0x0000000702e00000, 0x0000000702e00000, 0x0000000703000000|  0%| F|  |TAMS 0x0000000702e00000, 0x0000000702e00000| Untracked 
|   6|0x0000000703000000, 0x0000000703000000, 0x0000000703200000|  0%| F|  |TAMS 0x0000000703000000, 0x0000000703000000| Untracked 
|   7|0x0000000703200000, 0x0000000703200000, 0x0000000703400000|  0%| F|  |TAMS 0x0000000703200000, 0x0000000703200000| Untracked 
|   8|0x0000000703400000, 0x0000000703400000, 0x0000000703600000|  0%| F|  |TAMS 0x0000000703400000, 0x0000000703400000| Untracked 
|   9|0x0000000703600000, 0x0000000703600000, 0x0000000703800000|  0%| F|  |TAMS 0x0000000703600000, 0x0000000703600000| Untracked 
|  10|0x0000000703800000, 0x0000000703800000, 0x0000000703a00000|  0%| F|  |TAMS 0x0000000703800000, 0x0000000703800000| Untracked 
|  11|0x0000000703a00000, 0x0000000703a00000, 0x0000000703c00000|  0%| F|  |TAMS 0x0000000703a00000, 0x0000000703a00000| Untracked 
|  12|0x0000000703c00000, 0x0000000703c00000, 0x0000000703e00000|  0%| F|  |TAMS 0x0000000703c00000, 0x0000000703c00000| Untracked 
|  13|0x0000000703e00000, 0x0000000703e00000, 0x0000000704000000|  0%| F|  |TAMS 0x0000000703e00000, 0x0000000703e00000| Untracked 
|  14|0x0000000704000000, 0x0000000704000000, 0x0000000704200000|  0%| F|  |TAMS 0x0000000704000000, 0x0000000704000000| Untracked 
|  15|0x0000000704200000, 0x0000000704200000, 0x0000000704400000|  0%| F|  |TAMS 0x0000000704200000, 0x0000000704200000| Untracked 
|  16|0x0000000704400000, 0x0000000704400000, 0x0000000704600000|  0%| F|  |TAMS 0x0000000704400000, 0x0000000704400000| Untracked 
|  17|0x0000000704600000, 0x0000000704600000, 0x0000000704800000|  0%| F|  |TAMS 0x0000000704600000, 0x0000000704600000| Untracked 
|  18|0x0000000704800000, 0x0000000704800000, 0x0000000704a00000|  0%| F|  |TAMS 0x0000000704800000, 0x0000000704800000| Untracked 
|  19|0x0000000704a00000, 0x0000000704a00000, 0x0000000704c00000|  0%| F|  |TAMS 0x0000000704a00000, 0x0000000704a00000| Untracked 
|  20|0x0000000704c00000, 0x0000000704c00000, 0x0000000704e00000|  0%| F|  |TAMS 0x0000000704c00000, 0x0000000704c00000| Untracked 
|  21|0x0000000704e00000, 0x0000000704e00000, 0x0000000705000000|  0%| F|  |TAMS 0x0000000704e00000, 0x0000000704e00000| Untracked 
|  22|0x0000000705000000, 0x0000000705000000, 0x0000000705200000|  0%| F|  |TAMS 0x0000000705000000, 0x0000000705000000| Untracked 
|  23|0x0000000705200000, 0x0000000705200000, 0x0000000705400000|  0%| F|  |TAMS 0x0000000705200000, 0x0000000705200000| Untracked 
|  24|0x0000000705400000, 0x0000000705400000, 0x0000000705600000|  0%| F|  |TAMS 0x0000000705400000, 0x0000000705400000| Untracked 
|  25|0x0000000705600000, 0x0000000705600000, 0x0000000705800000|  0%| F|  |TAMS 0x0000000705600000, 0x0000000705600000| Untracked 
|  26|0x0000000705800000, 0x0000000705800000, 0x0000000705a00000|  0%| F|  |TAMS 0x0000000705800000, 0x0000000705800000| Untracked 
|  27|0x0000000705a00000, 0x0000000705a00000, 0x0000000705c00000|  0%| F|  |TAMS 0x0000000705a00000, 0x0000000705a00000| Untracked 
|  28|0x0000000705c00000, 0x0000000705c00000, 0x0000000705e00000|  0%| F|  |TAMS 0x0000000705c00000, 0x0000000705c00000| Untracked 
|  29|0x0000000705e00000, 0x0000000705e00000, 0x0000000706000000|  0%| F|  |TAMS 0x0000000705e00000, 0x0000000705e00000| Untracked 
|  30|0x0000000706000000, 0x0000000706000000, 0x0000000706200000|  0%| F|  |TAMS 0x0000000706000000, 0x0000000706000000| Untracked 
|  31|0x0000000706200000, 0x0000000706200000, 0x0000000706400000|  0%| F|  |TAMS 0x0000000706200000, 0x0000000706200000| Untracked 
|  32|0x0000000706400000, 0x0000000706400000, 0x0000000706600000|  0%| F|  |TAMS 0x0000000706400000, 0x0000000706400000| Untracked 
|  33|0x0000000706600000, 0x0000000706600000, 0x0000000706800000|  0%| F|  |TAMS 0x0000000706600000, 0x0000000706600000| Untracked 
|  34|0x0000000706800000, 0x0000000706800000, 0x0000000706a00000|  0%| F|  |TAMS 0x0000000706800000, 0x0000000706800000| Untracked 
|  35|0x0000000706a00000, 0x0000000706a00000, 0x0000000706c00000|  0%| F|  |TAMS 0x0000000706a00000, 0x0000000706a00000| Untracked 
|  36|0x0000000706c00000, 0x0000000706c00000, 0x0000000706e00000|  0%| F|  |TAMS 0x0000000706c00000, 0x0000000706c00000| Untracked 
|  37|0x0000000706e00000, 0x0000000706e00000, 0x0000000707000000|  0%| F|  |TAMS 0x0000000706e00000, 0x0000000706e00000| Untracked 
|  38|0x0000000707000000, 0x0000000707000000, 0x0000000707200000|  0%| F|  |TAMS 0x0000000707000000, 0x0000000707000000| Untracked 
|  39|0x0000000707200000, 0x0000000707200000, 0x0000000707400000|  0%| F|  |TAMS 0x0000000707200000, 0x0000000707200000| Untracked 
|  40|0x0000000707400000, 0x0000000707400000, 0x0000000707600000|  0%| F|  |TAMS 0x0000000707400000, 0x0000000707400000| Untracked 
|  41|0x0000000707600000, 0x0000000707600000, 0x0000000707800000|  0%| F|  |TAMS 0x0000000707600000, 0x0000000707600000| Untracked 
|  42|0x0000000707800000, 0x0000000707800000, 0x0000000707a00000|  0%| F|  |TAMS 0x0000000707800000, 0x0000000707800000| Untracked 
|  43|0x0000000707a00000, 0x0000000707a00000, 0x0000000707c00000|  0%| F|  |TAMS 0x0000000707a00000, 0x0000000707a00000| Untracked 
|  44|0x0000000707c00000, 0x0000000707c00000, 0x0000000707e00000|  0%| F|  |TAMS 0x0000000707c00000, 0x0000000707c00000| Untracked 
|  45|0x0000000707e00000, 0x0000000707e00000, 0x0000000708000000|  0%| F|  |TAMS 0x0000000707e00000, 0x0000000707e00000| Untracked 
|  46|0x0000000708000000, 0x0000000708000000, 0x0000000708200000|  0%| F|  |TAMS 0x0000000708000000, 0x0000000708000000| Untracked 
|  47|0x0000000708200000, 0x0000000708200000, 0x0000000708400000|  0%| F|  |TAMS 0x0000000708200000, 0x0000000708200000| Untracked 
|  48|0x0000000708400000, 0x0000000708400000, 0x0000000708600000|  0%| F|  |TAMS 0x0000000708400000, 0x0000000708400000| Untracked 
|  49|0x0000000708600000, 0x0000000708600000, 0x0000000708800000|  0%| F|  |TAMS 0x0000000708600000, 0x0000000708600000| Untracked 
|  50|0x0000000708800000, 0x0000000708800000, 0x0000000708a00000|  0%| F|  |TAMS 0x0000000708800000, 0x0000000708800000| Untracked 
|  51|0x0000000708a00000, 0x0000000708a00000, 0x0000000708c00000|  0%| F|  |TAMS 0x0000000708a00000, 0x0000000708a00000| Untracked 
|  52|0x0000000708c00000, 0x0000000708c00000, 0x0000000708e00000|  0%| F|  |TAMS 0x0000000708c00000, 0x0000000708c00000| Untracked 
|  53|0x0000000708e00000, 0x0000000708e00000, 0x0000000709000000|  0%| F|  |TAMS 0x0000000708e00000, 0x0000000708e00000| Untracked 
|  54|0x0000000709000000, 0x0000000709000000, 0x0000000709200000|  0%| F|  |TAMS 0x0000000709000000, 0x0000000709000000| Untracked 
|  55|0x0000000709200000, 0x0000000709200000, 0x0000000709400000|  0%| F|  |TAMS 0x0000000709200000, 0x0000000709200000| Untracked 
|  56|0x0000000709400000, 0x0000000709400000, 0x0000000709600000|  0%| F|  |TAMS 0x0000000709400000, 0x0000000709400000| Untracked 
|  57|0x0000000709600000, 0x0000000709600000, 0x0000000709800000|  0%| F|  |TAMS 0x0000000709600000, 0x0000000709600000| Untracked 
|  58|0x0000000709800000, 0x0000000709800000, 0x0000000709a00000|  0%| F|  |TAMS 0x0000000709800000, 0x0000000709800000| Untracked 
|  59|0x0000000709a00000, 0x0000000709a00000, 0x0000000709c00000|  0%| F|  |TAMS 0x0000000709a00000, 0x0000000709a00000| Untracked 
|  60|0x0000000709c00000, 0x0000000709c00000, 0x0000000709e00000|  0%| F|  |TAMS 0x0000000709c00000, 0x0000000709c00000| Untracked 
|  61|0x0000000709e00000, 0x0000000709e00000, 0x000000070a000000|  0%| F|  |TAMS 0x0000000709e00000, 0x0000000709e00000| Untracked 
|  62|0x000000070a000000, 0x000000070a000000, 0x000000070a200000|  0%| F|  |TAMS 0x000000070a000000, 0x000000070a000000| Untracked 
|  63|0x000000070a200000, 0x000000070a200000, 0x000000070a400000|  0%| F|  |TAMS 0x000000070a200000, 0x000000070a200000| Untracked 
|  64|0x000000070a400000, 0x000000070a400000, 0x000000070a600000|  0%| F|  |TAMS 0x000000070a400000, 0x000000070a400000| Untracked 
|  65|0x000000070a600000, 0x000000070a600000, 0x000000070a800000|  0%| F|  |TAMS 0x000000070a600000, 0x000000070a600000| Untracked 
|  66|0x000000070a800000, 0x000000070a800000, 0x000000070aa00000|  0%| F|  |TAMS 0x000000070a800000, 0x000000070a800000| Untracked 
|  67|0x000000070aa00000, 0x000000070aa00000, 0x000000070ac00000|  0%| F|  |TAMS 0x000000070aa00000, 0x000000070aa00000| Untracked 
|  68|0x000000070ac00000, 0x000000070ac00000, 0x000000070ae00000|  0%| F|  |TAMS 0x000000070ac00000, 0x000000070ac00000| Untracked 
|  69|0x000000070ae00000, 0x000000070ae00000, 0x000000070b000000|  0%| F|  |TAMS 0x000000070ae00000, 0x000000070ae00000| Untracked 
|  70|0x000000070b000000, 0x000000070b000000, 0x000000070b200000|  0%| F|  |TAMS 0x000000070b000000, 0x000000070b000000| Untracked 
|  71|0x000000070b200000, 0x000000070b200000, 0x000000070b400000|  0%| F|  |TAMS 0x000000070b200000, 0x000000070b200000| Untracked 
|  72|0x000000070b400000, 0x000000070b400000, 0x000000070b600000|  0%| F|  |TAMS 0x000000070b400000, 0x000000070b400000| Untracked 
|  73|0x000000070b600000, 0x000000070b600000, 0x000000070b800000|  0%| F|  |TAMS 0x000000070b600000, 0x000000070b600000| Untracked 
|  74|0x000000070b800000, 0x000000070b800000, 0x000000070ba00000|  0%| F|  |TAMS 0x000000070b800000, 0x000000070b800000| Untracked 
|  75|0x000000070ba00000, 0x000000070ba00000, 0x000000070bc00000|  0%| F|  |TAMS 0x000000070ba00000, 0x000000070ba00000| Untracked 
|  76|0x000000070bc00000, 0x000000070bc00000, 0x000000070be00000|  0%| F|  |TAMS 0x000000070bc00000, 0x000000070bc00000| Untracked 
|  77|0x000000070be00000, 0x000000070be00000, 0x000000070c000000|  0%| F|  |TAMS 0x000000070be00000, 0x000000070be00000| Untracked 
|  78|0x000000070c000000, 0x000000070c000000, 0x000000070c200000|  0%| F|  |TAMS 0x000000070c000000, 0x000000070c000000| Untracked 
|  79|0x000000070c200000, 0x000000070c200000, 0x000000070c400000|  0%| F|  |TAMS 0x000000070c200000, 0x000000070c200000| Untracked 
|  80|0x000000070c400000, 0x000000070c400000, 0x000000070c600000|  0%| F|  |TAMS 0x000000070c400000, 0x000000070c400000| Untracked 
|  81|0x000000070c600000, 0x000000070c600000, 0x000000070c800000|  0%| F|  |TAMS 0x000000070c600000, 0x000000070c600000| Untracked 
|  82|0x000000070c800000, 0x000000070c800000, 0x000000070ca00000|  0%| F|  |TAMS 0x000000070c800000, 0x000000070c800000| Untracked 
|  83|0x000000070ca00000, 0x000000070ca00000, 0x000000070cc00000|  0%| F|  |TAMS 0x000000070ca00000, 0x000000070ca00000| Untracked 
|  84|0x000000070cc00000, 0x000000070cc00000, 0x000000070ce00000|  0%| F|  |TAMS 0x000000070cc00000, 0x000000070cc00000| Untracked 
|  85|0x000000070ce00000, 0x000000070ce00000, 0x000000070d000000|  0%| F|  |TAMS 0x000000070ce00000, 0x000000070ce00000| Untracked 
|  86|0x000000070d000000, 0x000000070d000000, 0x000000070d200000|  0%| F|  |TAMS 0x000000070d000000, 0x000000070d000000| Untracked 
|  87|0x000000070d200000, 0x000000070d200000, 0x000000070d400000|  0%| F|  |TAMS 0x000000070d200000, 0x000000070d200000| Untracked 
|  88|0x000000070d400000, 0x000000070d400000, 0x000000070d600000|  0%| F|  |TAMS 0x000000070d400000, 0x000000070d400000| Untracked 
|  89|0x000000070d600000, 0x000000070d600000, 0x000000070d800000|  0%| F|  |TAMS 0x000000070d600000, 0x000000070d600000| Untracked 
|  90|0x000000070d800000, 0x000000070d800000, 0x000000070da00000|  0%| F|  |TAMS 0x000000070d800000, 0x000000070d800000| Untracked 
|  91|0x000000070da00000, 0x000000070da00000, 0x000000070dc00000|  0%| F|  |TAMS 0x000000070da00000, 0x000000070da00000| Untracked 
|  92|0x000000070dc00000, 0x000000070dc00000, 0x000000070de00000|  0%| F|  |TAMS 0x000000070dc00000, 0x000000070dc00000| Untracked 
|  93|0x000000070de00000, 0x000000070de00000, 0x000000070e000000|  0%| F|  |TAMS 0x000000070de00000, 0x000000070de00000| Untracked 
|  94|0x000000070e000000, 0x000000070e000000, 0x000000070e200000|  0%| F|  |TAMS 0x000000070e000000, 0x000000070e000000| Untracked 
|  95|0x000000070e200000, 0x000000070e200000, 0x000000070e400000|  0%| F|  |TAMS 0x000000070e200000, 0x000000070e200000| Untracked 
|  96|0x000000070e400000, 0x000000070e400000, 0x000000070e600000|  0%| F|  |TAMS 0x000000070e400000, 0x000000070e400000| Untracked 
|  97|0x000000070e600000, 0x000000070e600000, 0x000000070e800000|  0%| F|  |TAMS 0x000000070e600000, 0x000000070e600000| Untracked 
|  98|0x000000070e800000, 0x000000070e800000, 0x000000070ea00000|  0%| F|  |TAMS 0x000000070e800000, 0x000000070e800000| Untracked 
|  99|0x000000070ea00000, 0x000000070ea00000, 0x000000070ec00000|  0%| F|  |TAMS 0x000000070ea00000, 0x000000070ea00000| Untracked 
| 100|0x000000070ec00000, 0x000000070ec00000, 0x000000070ee00000|  0%| F|  |TAMS 0x000000070ec00000, 0x000000070ec00000| Untracked 
| 101|0x000000070ee00000, 0x000000070ee00000, 0x000000070f000000|  0%| F|  |TAMS 0x000000070ee00000, 0x000000070ee00000| Untracked 
| 102|0x000000070f000000, 0x000000070f000000, 0x000000070f200000|  0%| F|  |TAMS 0x000000070f000000, 0x000000070f000000| Untracked 
| 103|0x000000070f200000, 0x000000070f200000, 0x000000070f400000|  0%| F|  |TAMS 0x000000070f200000, 0x000000070f200000| Untracked 
| 104|0x000000070f400000, 0x000000070f400000, 0x000000070f600000|  0%| F|  |TAMS 0x000000070f400000, 0x000000070f400000| Untracked 
| 105|0x000000070f600000, 0x000000070f600000, 0x000000070f800000|  0%| F|  |TAMS 0x000000070f600000, 0x000000070f600000| Untracked 
| 106|0x000000070f800000, 0x000000070f800000, 0x000000070fa00000|  0%| F|  |TAMS 0x000000070f800000, 0x000000070f800000| Untracked 
| 107|0x000000070fa00000, 0x000000070fa00000, 0x000000070fc00000|  0%| F|  |TAMS 0x000000070fa00000, 0x000000070fa00000| Untracked 
| 108|0x000000070fc00000, 0x000000070fc00000, 0x000000070fe00000|  0%| F|  |TAMS 0x000000070fc00000, 0x000000070fc00000| Untracked 
| 109|0x000000070fe00000, 0x000000070fe00000, 0x0000000710000000|  0%| F|  |TAMS 0x000000070fe00000, 0x000000070fe00000| Untracked 
| 110|0x0000000710000000, 0x0000000710000000, 0x0000000710200000|  0%| F|  |TAMS 0x0000000710000000, 0x0000000710000000| Untracked 
| 111|0x0000000710200000, 0x0000000710200000, 0x0000000710400000|  0%| F|  |TAMS 0x0000000710200000, 0x0000000710200000| Untracked 
| 112|0x0000000710400000, 0x0000000710400000, 0x0000000710600000|  0%| F|  |TAMS 0x0000000710400000, 0x0000000710400000| Untracked 
| 113|0x0000000710600000, 0x0000000710600000, 0x0000000710800000|  0%| F|  |TAMS 0x0000000710600000, 0x0000000710600000| Untracked 
| 114|0x0000000710800000, 0x0000000710800000, 0x0000000710a00000|  0%| F|  |TAMS 0x0000000710800000, 0x0000000710800000| Untracked 
| 115|0x0000000710a00000, 0x0000000710a00000, 0x0000000710c00000|  0%| F|  |TAMS 0x0000000710a00000, 0x0000000710a00000| Untracked 
| 116|0x0000000710c00000, 0x0000000710c00000, 0x0000000710e00000|  0%| F|  |TAMS 0x0000000710c00000, 0x0000000710c00000| Untracked 
| 117|0x0000000710e00000, 0x0000000710e00000, 0x0000000711000000|  0%| F|  |TAMS 0x0000000710e00000, 0x0000000710e00000| Untracked 
| 118|0x0000000711000000, 0x0000000711000000, 0x0000000711200000|  0%| F|  |TAMS 0x0000000711000000, 0x0000000711000000| Untracked 
| 119|0x0000000711200000, 0x0000000711200000, 0x0000000711400000|  0%| F|  |TAMS 0x0000000711200000, 0x0000000711200000| Untracked 
| 120|0x0000000711400000, 0x0000000711600000, 0x0000000711600000|100%| S|CS|TAMS 0x0000000711400000, 0x0000000711400000| Complete 
| 121|0x0000000711600000, 0x0000000711600000, 0x0000000711800000|  0%| F|  |TAMS 0x0000000711600000, 0x0000000711600000| Untracked 
| 122|0x0000000711800000, 0x0000000711800000, 0x0000000711a00000|  0%| F|  |TAMS 0x0000000711800000, 0x0000000711800000| Untracked 
| 123|0x0000000711a00000, 0x0000000711a00000, 0x0000000711c00000|  0%| F|  |TAMS 0x0000000711a00000, 0x0000000711a00000| Untracked 
| 124|0x0000000711c00000, 0x0000000711e00000, 0x0000000711e00000|100%| E|  |TAMS 0x0000000711c00000, 0x0000000711c00000| Complete 
| 125|0x0000000711e00000, 0x0000000712000000, 0x0000000712000000|100%| E|CS|TAMS 0x0000000711e00000, 0x0000000711e00000| Complete 
| 126|0x0000000712000000, 0x0000000712200000, 0x0000000712200000|100%| E|CS|TAMS 0x0000000712000000, 0x0000000712000000| Complete 

Card table byte_map: [0x000001c6f0ac0000,0x000001c6f12b0000] _byte_map_base: 0x000001c6ed2ae000

Marking Bits (Prev, Next): (CMBitMap*) 0x000001c6ddcc8fe0, (CMBitMap*) 0x000001c6ddcc9020
 Prev Bits: [0x000001c6f1aa0000, 0x000001c6f5a10000)
 Next Bits: [0x000001c6f5a10000, 0x000001c6f9980000)

Polling page: 0x000001c6dbbb0000

Metaspace:

Usage:
  Non-class:     10.34 MB used.
      Class:      1.06 MB used.
       Both:     11.40 MB used.

Virtual space:
  Non-class space:       64.00 MB reserved,      10.44 MB ( 16%) committed,  1 nodes.
      Class space:        1.00 GB reserved,       1.19 MB ( <1%) committed,  1 nodes.
             Both:        1.06 GB reserved,      11.62 MB (  1%) committed. 

Chunk freelists:
   Non-Class:  4.84 MB
       Class:  14.73 MB
        Both:  19.58 MB

MaxMetaspaceSize: unlimited
CompressedClassSpaceSize: 1.00 GB
Initial GC threshold: 21.00 MB
Current GC threshold: 21.00 MB
CDS: off
MetaspaceReclaimPolicy: balanced
 - commit_granule_bytes: 65536.
 - commit_granule_words: 8192.
 - virtual_space_node_default_size: 8388608.
 - enlarge_chunks_in_place: 1.
 - new_chunks_are_fully_committed: 0.
 - uncommit_free_chunks: 1.
 - use_allocation_guard: 0.
 - handle_deallocations: 1.


Internal statistics:

num_allocs_failed_limit: 0.
num_arena_births: 68.
num_arena_deaths: 0.
num_vsnodes_births: 2.
num_vsnodes_deaths: 0.
num_space_committed: 186.
num_space_uncommitted: 0.
num_chunks_returned_to_freelist: 0.
num_chunks_taken_from_freelist: 160.
num_chunk_merges: 0.
num_chunk_splits: 89.
num_chunks_enlarged: 52.
num_inconsistent_stats: 0.

CodeHeap 'non-profiled nmethods': size=120000Kb used=344Kb max_used=344Kb free=119655Kb
 bounds [0x000001c6e8da0000, 0x000001c6e9010000, 0x000001c6f02d0000]
CodeHeap 'profiled nmethods': size=120000Kb used=1860Kb max_used=1860Kb free=118139Kb
 bounds [0x000001c6e12d0000, 0x000001c6e1540000, 0x000001c6e8800000]
CodeHeap 'non-nmethods': size=5760Kb used=1153Kb max_used=1169Kb free=4606Kb
 bounds [0x000001c6e8800000, 0x000001c6e8a70000, 0x000001c6e8da0000]
 total_blobs=1400 nmethods=963 adapters=350
 compilation: enabled
              stopped_count=0, restarted_count=0
 full_count=0

Compilation events (20 events):
Event: 2.221 Thread 0x000001c6fbff4920  930       3       sun.nio.fs.WindowsPathParser::parse (384 bytes)
Event: 2.221 Thread 0x000001c6fbf95540  933 %     4       sun.security.provider.SHA::implCompress0 @ 27 (506 bytes)
Event: 2.225 Thread 0x000001c6fbff4920 nmethod 930 0x000001c6e1486590 code [0x000001c6e1486ca0, 0x000001c6e148ab48]
Event: 2.225 Thread 0x000001c6fbff4920  931       3       sun.nio.fs.WindowsPathParser::isLetter (30 bytes)
Event: 2.225 Thread 0x000001c6fbff4920 nmethod 931 0x000001c6e148c210 code [0x000001c6e148c3a0, 0x000001c6e148c598]
Event: 2.226 Thread 0x000001c6fbff4920  932       3       sun.nio.fs.WindowsPathParser$Result::<init> (20 bytes)
Event: 2.226 Thread 0x000001c6fbff4920 nmethod 932 0x000001c6e148c610 code [0x000001c6e148c7c0, 0x000001c6e148ca58]
Event: 2.226 Thread 0x000001c6fbff4920  928   !   3       sun.nio.fs.WindowsPath::createFromNormalizedPath (65 bytes)
Event: 2.226 Thread 0x000001c6fbff4920 nmethod 928 0x000001c6e148cb10 code [0x000001c6e148cd40, 0x000001c6e148d4f8]
Event: 2.226 Thread 0x000001c6fbff4920  929       3       sun.nio.fs.WindowsPathParser::parseNormalizedPath (6 bytes)
Event: 2.226 Thread 0x000001c6fbff4920 nmethod 929 0x000001c6e148d890 code [0x000001c6e148da20, 0x000001c6e148db48]
Event: 2.227 Thread 0x000001c6fbff4920  934   !   3       sun.nio.fs.WindowsDirectoryStream$WindowsDirectoryIterator::readNextEntry (192 bytes)
Event: 2.228 Thread 0x000001c6fbff4920 nmethod 934 0x000001c6e148dc10 code [0x000001c6e148dec0, 0x000001c6e148ea78]
Event: 2.228 Thread 0x000001c6fbff4920  935       3       sun.nio.fs.WindowsFileAttributes::<init> (57 bytes)
Event: 2.228 Thread 0x000001c6fbff4920 nmethod 935 0x000001c6e148f110 code [0x000001c6e148f2a0, 0x000001c6e148f438]
Event: 2.228 Thread 0x000001c6fbff4920  936       3       sun.nio.fs.WindowsDirectoryStream$WindowsDirectoryIterator::next (5 bytes)
Event: 2.229 Thread 0x000001c6fbff4920 nmethod 936 0x000001c6e148f510 code [0x000001c6e148f6c0, 0x000001c6e148f808]
Event: 2.229 Thread 0x000001c6fbff4920  937  s    3       sun.nio.fs.WindowsDirectoryStream$WindowsDirectoryIterator::next (48 bytes)
Event: 2.229 Thread 0x000001c6fbff4920 nmethod 937 0x000001c6e148f890 code [0x000001c6e148fa60, 0x000001c6e148fe38]
Event: 2.229 Thread 0x000001c6fbff4920  938       3       sun.nio.fs.WindowsPath::getFileName (87 bytes)

GC Heap History (2 events):
Event: 1.437 GC heap before
{Heap before GC invocations=0 (full 0):
 garbage-first heap   total 260096K, used 10240K [0x0000000702400000, 0x0000000800000000)
  region size 2048K, 6 young (12288K), 0 survivors (0K)
 Metaspace       used 7019K, committed 7232K, reserved 1114112K
  class space    used 578K, committed 704K, reserved 1048576K
}
Event: 1.450 GC heap after
{Heap after GC invocations=1 (full 0):
 garbage-first heap   total 260096K, used 6547K [0x0000000702400000, 0x0000000800000000)
  region size 2048K, 1 young (2048K), 1 survivors (2048K)
 Metaspace       used 7019K, committed 7232K, reserved 1114112K
  class space    used 578K, committed 704K, reserved 1048576K
}

Dll operation events (5 events):
Event: 0.497 Loaded shared library C:\Users\HrideshKumarGupta\.p2\pool\plugins\org.eclipse.justj.openjdk.hotspot.jre.full.win32.x86_64_17.0.8.v20230831-1047\jre\bin\java.dll
Event: 0.935 Loaded shared library C:\Users\HrideshKumarGupta\.p2\pool\plugins\org.eclipse.justj.openjdk.hotspot.jre.full.win32.x86_64_17.0.8.v20230831-1047\jre\bin\net.dll
Event: 0.941 Loaded shared library C:\Users\HrideshKumarGupta\.p2\pool\plugins\org.eclipse.justj.openjdk.hotspot.jre.full.win32.x86_64_17.0.8.v20230831-1047\jre\bin\nio.dll
Event: 0.957 Loaded shared library C:\Users\HrideshKumarGupta\.p2\pool\plugins\org.eclipse.justj.openjdk.hotspot.jre.full.win32.x86_64_17.0.8.v20230831-1047\jre\bin\zip.dll
Event: 0.971 Loaded shared library C:\Users\HrideshKumarGupta\.p2\pool\plugins\org.eclipse.justj.openjdk.hotspot.jre.full.win32.x86_64_17.0.8.v20230831-1047\jre\bin\jimage.dll

Deoptimization events (20 events):
Event: 1.389 Thread 0x000001c6ddc80780 DEOPT PACKING pc=0x000001c6e1319456 sp=0x0000008f4f0fc420
Event: 1.389 Thread 0x000001c6ddc80780 DEOPT UNPACKING pc=0x000001c6e8857143 sp=0x0000008f4f0fb8c0 mode 0
Event: 1.399 Thread 0x000001c6ddc80780 DEOPT PACKING pc=0x000001c6e136f30d sp=0x0000008f4f0fc4b0
Event: 1.399 Thread 0x000001c6ddc80780 DEOPT UNPACKING pc=0x000001c6e8857143 sp=0x0000008f4f0fb950 mode 0
Event: 1.601 Thread 0x000001c6ddc80780 DEOPT PACKING pc=0x000001c6e12dc5be sp=0x0000008f4f0faed0
Event: 1.601 Thread 0x000001c6ddc80780 DEOPT UNPACKING pc=0x000001c6e8857143 sp=0x0000008f4f0fa348 mode 0
Event: 1.669 Thread 0x000001c6ddc80780 DEOPT PACKING pc=0x000001c6e12dcb06 sp=0x0000008f4f0fe2d0
Event: 1.669 Thread 0x000001c6ddc80780 DEOPT UNPACKING pc=0x000001c6e8857143 sp=0x0000008f4f0fd740 mode 0
Event: 1.808 Thread 0x000001c6ddc80780 Uncommon trap: trap_request=0xffffff45 fr.pc=0x000001c6e8debc54 relative=0x0000000000000534
Event: 1.808 Thread 0x000001c6ddc80780 Uncommon trap: reason=unstable_if action=reinterpret pc=0x000001c6e8debc54 method=java.lang.StringLatin1.newString([BII)Ljava/lang/String; @ 1 c2
Event: 1.808 Thread 0x000001c6ddc80780 DEOPT PACKING pc=0x000001c6e8debc54 sp=0x0000008f4f0ff1e0
Event: 1.808 Thread 0x000001c6ddc80780 DEOPT UNPACKING pc=0x000001c6e88569a3 sp=0x0000008f4f0ff170 mode 2
Event: 1.974 Thread 0x000001c6ddc80780 Uncommon trap: trap_request=0xffffffc6 fr.pc=0x000001c6e8dcb8dc relative=0x000000000000041c
Event: 1.974 Thread 0x000001c6ddc80780 Uncommon trap: reason=bimorphic_or_optimized_type_check action=maybe_recompile pc=0x000001c6e8dcb8dc method=java.util.concurrent.ConcurrentHashMap.get(Ljava/lang/Object;)Ljava/lang/Object; @ 149 c2
Event: 1.974 Thread 0x000001c6ddc80780 DEOPT PACKING pc=0x000001c6e8dcb8dc sp=0x0000008f4f0fd5e0
Event: 1.974 Thread 0x000001c6ddc80780 DEOPT UNPACKING pc=0x000001c6e88569a3 sp=0x0000008f4f0fd570 mode 2
Event: 2.205 Thread 0x000001c6ddc80780 Uncommon trap: trap_request=0xffffff45 fr.pc=0x000001c6e8ddd3d8 relative=0x0000000000002578
Event: 2.205 Thread 0x000001c6ddc80780 Uncommon trap: reason=unstable_if action=reinterpret pc=0x000001c6e8ddd3d8 method=java.io.WinNTFileSystem.normalize(Ljava/lang/String;)Ljava/lang/String; @ 128 c2
Event: 2.205 Thread 0x000001c6ddc80780 DEOPT PACKING pc=0x000001c6e8ddd3d8 sp=0x0000008f4f0fd5b0
Event: 2.205 Thread 0x000001c6ddc80780 DEOPT UNPACKING pc=0x000001c6e88569a3 sp=0x0000008f4f0fd5c8 mode 2

Classes unloaded (0 events):
No events

Classes redefined (0 events):
No events

Internal exceptions (5 events):
Event: 1.611 Thread 0x000001c6ddc80780 Exception <a 'java/lang/NoSuchMethodError'{0x000000071219a778}: 'int java.lang.invoke.DirectMethodHandle$Holder.invokeStaticInit(java.lang.Object, java.lang.Object)'> (0x000000071219a778) 
thrown [s\src\hotspot\share\interpreter\linkResolver.cpp, line 759]
Event: 1.715 Thread 0x000001c6ddc80780 Exception <a 'java/lang/NoSuchMethodError'{0x0000000711e92040}: 'java.lang.Object java.lang.invoke.DirectMethodHandle$Holder.invokeStaticInit(java.lang.Object)'> (0x0000000711e92040) 
thrown [s\src\hotspot\share\interpreter\linkResolver.cpp, line 759]
Event: 1.806 Thread 0x000001c6ddc80780 Exception <a 'java/lang/NoSuchMethodError'{0x0000000711eac9f8}: 'void java.lang.invoke.DirectMethodHandle$Holder.invokeStatic(java.lang.Object, java.lang.Object)'> (0x0000000711eac9f8) 
thrown [s\src\hotspot\share\interpreter\linkResolver.cpp, line 759]
Event: 1.880 Thread 0x000001c6ddc80780 Exception <a 'java/lang/ClassNotFoundException'{0x0000000711f561a0}: com/sun/org/apache/xerces/internal/impl/msg/spi/SAXMessagesProvider> (0x0000000711f561a0) 
thrown [s\src\hotspot\share\classfile\systemDictionary.cpp, line 256]
Event: 1.960 Thread 0x000001c6ddc80780 Exception <a 'java/lang/NoSuchMethodError'{0x0000000711c4a460}: 'java.lang.Object java.lang.invoke.DirectMethodHandle$Holder.invokeStaticInit(java.lang.Object, int, int, int, int)'> (0x0000000711c4a460) 
thrown [s\src\hotspot\share\interpreter\linkResolver.cpp, line 759]

VM Operations (14 events):
Event: 0.961 Executing VM operation: HandshakeAllThreads
Event: 0.961 Executing VM operation: HandshakeAllThreads done
Event: 1.437 Executing VM operation: G1CollectForAllocation
Event: 1.450 Executing VM operation: G1CollectForAllocation done
Event: 1.514 Executing VM operation: HandshakeAllThreads
Event: 1.514 Executing VM operation: HandshakeAllThreads done
Event: 1.693 Executing VM operation: HandshakeAllThreads
Event: 1.693 Executing VM operation: HandshakeAllThreads done
Event: 1.749 Executing VM operation: HandshakeAllThreads
Event: 1.749 Executing VM operation: HandshakeAllThreads done
Event: 1.922 Executing VM operation: HandshakeAllThreads
Event: 1.922 Executing VM operation: HandshakeAllThreads done
Event: 1.935 Executing VM operation: HandshakeAllThreads
Event: 1.935 Executing VM operation: HandshakeAllThreads done

Events (20 events):
Event: 1.993 loading class java/net/InterfaceAddress
Event: 1.993 loading class java/net/InterfaceAddress done
Event: 1.993 loading class java/net/DefaultInterface
Event: 1.993 loading class java/net/DefaultInterface done
Event: 2.015 loading class java/net/NetworkInterface$1
Event: 2.015 loading class java/net/NetworkInterface$1 done
Event: 2.205 loading class java/nio/file/Files$AcceptAllFilter
Event: 2.205 loading class java/nio/file/DirectoryStream$Filter
Event: 2.205 loading class java/nio/file/DirectoryStream$Filter done
Event: 2.205 loading class java/nio/file/Files$AcceptAllFilter done
Event: 2.205 loading class sun/nio/fs/WindowsDirectoryStream
Event: 2.205 loading class java/nio/file/DirectoryStream
Event: 2.205 loading class java/nio/file/DirectoryStream done
Event: 2.205 loading class sun/nio/fs/WindowsDirectoryStream done
Event: 2.206 loading class sun/nio/fs/WindowsDirectoryStream$WindowsDirectoryIterator
Event: 2.206 loading class sun/nio/fs/WindowsDirectoryStream$WindowsDirectoryIterator done
Event: 2.206 loading class sun/nio/fs/WindowsPath$WindowsPathWithAttributes
Event: 2.206 loading class sun/nio/fs/BasicFileAttributesHolder
Event: 2.206 loading class sun/nio/fs/BasicFileAttributesHolder done
Event: 2.206 loading class sun/nio/fs/WindowsPath$WindowsPathWithAttributes done


Dynamic libraries:
0x00007ff67bdb0000 - 0x00007ff67bdbe000 	C:\Users\HrideshKumarGupta\.p2\pool\plugins\org.eclipse.justj.openjdk.hotspot.jre.full.win32.x86_64_17.0.8.v20230831-1047\jre\bin\javaw.exe
0x000001c6db950000 - 0x000001c6dbb67000 	C:\WINDOWS\SYSTEM32\ntd1l.dll
0x000001c6db500000 - 0x000001c6db5c4000 	C:\WINDOWS\System32\kern3l32.dll
0x00007ff84c950000 - 0x00007ff84cb67000 	C:\WINDOWS\SYSTEM32\ntdll.dll
0x00007ff84c010000 - 0x00007ff84c0d4000 	C:\WINDOWS\System32\KERNEL32.DLL
0x00007ff849f40000 - 0x00007ff84a2e6000 	C:\WINDOWS\System32\KERNELBASE.dll
0x00007ff849880000 - 0x00007ff849baa000 	C:\Program Files\SentinelOne\Sentinel Agent 23.3.3.264\InProcessClient64.dll
0x00007ff84ac00000 - 0x00007ff84acb3000 	C:\WINDOWS\System32\ADVAPI32.dll
0x00007ff84c860000 - 0x00007ff84c907000 	C:\WINDOWS\System32\msvcrt.dll
0x00007ff84b540000 - 0x00007ff84b5e8000 	C:\WINDOWS\System32\sechost.dll
0x00007ff84a600000 - 0x00007ff84a628000 	C:\WINDOWS\System32\bcrypt.dll
0x00007ff84bcb0000 - 0x00007ff84bdc7000 	C:\WINDOWS\System32\RPCRT4.dll
0x00007ff84a2f0000 - 0x00007ff84a401000 	C:\WINDOWS\System32\ucrtbase.dll
0x00007ff832f80000 - 0x00007ff832f97000 	C:\Users\HrideshKumarGupta\.p2\pool\plugins\org.eclipse.justj.openjdk.hotspot.jre.full.win32.x86_64_17.0.8.v20230831-1047\jre\bin\jli.dll
0x00007ff84a700000 - 0x00007ff84a8ae000 	C:\WINDOWS\System32\USER32.dll
0x00007ff849c90000 - 0x00007ff849cb6000 	C:\WINDOWS\System32\win32u.dll
0x00007ff832ee0000 - 0x00007ff832ef9000 	C:\Users\HrideshKumarGupta\.p2\pool\plugins\org.eclipse.justj.openjdk.hotspot.jre.full.win32.x86_64_17.0.8.v20230831-1047\jre\bin\VCRUNTIME140.dll
0x00007ff837d40000 - 0x00007ff837fd3000 	C:\WINDOWS\WinSxS\amd64_microsoft.windows.common-controls_6595b64144ccf1df_6.0.22621.2506_none_270c5ae97388e100\COMCTL32.dll
0x00007ff84c0e0000 - 0x00007ff84c109000 	C:\WINDOWS\System32\GDI32.dll
0x00007ff849e20000 - 0x00007ff849f38000 	C:\WINDOWS\System32\gdi32full.dll
0x00007ff849d80000 - 0x00007ff849e1a000 	C:\WINDOWS\System32\msvcp_win.dll
0x00007ff849670000 - 0x00007ff84967a000 	C:\WINDOWS\SYSTEM32\VERSION.dll
0x00007ff849660000 - 0x00007ff84966b000 	C:\WINDOWS\SYSTEM32\FLTLIB.DLL
0x00007ff84c820000 - 0x00007ff84c851000 	C:\WINDOWS\System32\IMM32.DLL
0x00007ff834790000 - 0x00007ff83479c000 	C:\Users\HrideshKumarGupta\.p2\pool\plugins\org.eclipse.justj.openjdk.hotspot.jre.full.win32.x86_64_17.0.8.v20230831-1047\jre\bin\vcruntime140_1.dll
0x00007ff818110000 - 0x00007ff8181a1000 	C:\Users\HrideshKumarGupta\.p2\pool\plugins\org.eclipse.justj.openjdk.hotspot.jre.full.win32.x86_64_17.0.8.v20230831-1047\jre\bin\msvcp140.dll
0x00007ff8026a0000 - 0x00007ff8032ec000 	C:\Users\HrideshKumarGupta\.p2\pool\plugins\org.eclipse.justj.openjdk.hotspot.jre.full.win32.x86_64_17.0.8.v20230831-1047\jre\bin\server\jvm.dll
0x00007ff849830000 - 0x00007ff84987d000 	C:\WINDOWS\SYSTEM32\POWRPROF.dll
0x00007ff821ca0000 - 0x00007ff821ca9000 	C:\WINDOWS\SYSTEM32\WSOCK32.dll
0x00007ff84bf90000 - 0x00007ff84c001000 	C:\WINDOWS\System32\WS2_32.dll
0x00007ff842160000 - 0x00007ff842194000 	C:\WINDOWS\SYSTEM32\WINMM.dll
0x00007ff849120000 - 0x00007ff849133000 	C:\WINDOWS\SYSTEM32\UMPDC.dll
0x00007ff848850000 - 0x00007ff848868000 	C:\WINDOWS\SYSTEM32\kernel.appcore.dll
0x00007ff837960000 - 0x00007ff83796a000 	C:\Users\HrideshKumarGupta\.p2\pool\plugins\org.eclipse.justj.openjdk.hotspot.jre.full.win32.x86_64_17.0.8.v20230831-1047\jre\bin\jimage.dll
0x00007ff846760000 - 0x00007ff846993000 	C:\WINDOWS\SYSTEM32\DBGHELP.DLL
0x00007ff84b770000 - 0x00007ff84baf9000 	C:\WINDOWS\System32\combase.dll
0x00007ff84c200000 - 0x00007ff84c2d7000 	C:\WINDOWS\System32\OLEAUT32.dll
0x00007ff826f50000 - 0x00007ff826f82000 	C:\WINDOWS\SYSTEM32\dbgcore.DLL
0x00007ff84a580000 - 0x00007ff84a5fa000 	C:\WINDOWS\System32\bcryptPrimitives.dll
0x00007ff817430000 - 0x00007ff8174dd000 	C:\Program Files\SentinelOne\Sentinel Agent 23.3.3.264\SentinelJava64.dll
0x00007ff84a6a0000 - 0x00007ff84a6fe000 	C:\WINDOWS\System32\SHLWAPI.dll
0x00007ff84aa60000 - 0x00007ff84ac00000 	C:\WINDOWS\System32\ole32.dll
0x00007ff81c500000 - 0x00007ff81c525000 	C:\Users\HrideshKumarGupta\.p2\pool\plugins\org.eclipse.justj.openjdk.hotspot.jre.full.win32.x86_64_17.0.8.v20230831-1047\jre\bin\java.dll
0x00007ff81c4e0000 - 0x00007ff81c4f8000 	C:\Users\HrideshKumarGupta\.p2\pool\plugins\org.eclipse.justj.openjdk.hotspot.jre.full.win32.x86_64_17.0.8.v20230831-1047\jre\bin\zip.dll
0x00007ff84ace0000 - 0x00007ff84b53b000 	C:\WINDOWS\System32\SHELL32.dll
0x00007ff847580000 - 0x00007ff847e76000 	C:\WINDOWS\SYSTEM32\windows.storage.dll
0x00007ff847440000 - 0x00007ff84757e000 	C:\WINDOWS\SYSTEM32\wintypes.dll
0x00007ff84bb20000 - 0x00007ff84bc13000 	C:\WINDOWS\System32\SHCORE.dll
0x00007ff849bc0000 - 0x00007ff849be6000 	C:\WINDOWS\SYSTEM32\profapi.dll
0x00007ff81b610000 - 0x00007ff81b629000 	C:\Users\HrideshKumarGupta\.p2\pool\plugins\org.eclipse.justj.openjdk.hotspot.jre.full.win32.x86_64_17.0.8.v20230831-1047\jre\bin\net.dll
0x00007ff848870000 - 0x00007ff8489a7000 	C:\WINDOWS\SYSTEM32\WINHTTP.dll
0x00007ff848e00000 - 0x00007ff848e69000 	C:\WINDOWS\system32\mswsock.dll
0x00007ff81b5f0000 - 0x00007ff81b605000 	C:\Users\HrideshKumarGupta\.p2\pool\plugins\org.eclipse.justj.openjdk.hotspot.jre.full.win32.x86_64_17.0.8.v20230831-1047\jre\bin\nio.dll
0x00007ff848100000 - 0x00007ff8481f9000 	C:\WINDOWS\SYSTEM32\DNSAPI.dll
0x00007ff8480d0000 - 0x00007ff8480fd000 	C:\WINDOWS\SYSTEM32\IPHLPAPI.DLL
0x00007ff84acc0000 - 0x00007ff84acc9000 	C:\WINDOWS\System32\NSI.dll
0x00007ff82f930000 - 0x00007ff82f93a000 	C:\Windows\System32\rasadhlp.dll
0x00007ff83fa00000 - 0x00007ff83fa83000 	C:\WINDOWS\System32\fwpuclnt.dll
0x00007ff849140000 - 0x00007ff84915b000 	C:\WINDOWS\SYSTEM32\CRYPTSP.dll
0x00007ff8487b0000 - 0x00007ff8487e5000 	C:\WINDOWS\system32\rsaenh.dll
0x00007ff848ea0000 - 0x00007ff848ecc000 	C:\WINDOWS\SYSTEM32\USERENV.dll
0x00007ff8490f0000 - 0x00007ff8490fc000 	C:\WINDOWS\SYSTEM32\CRYPTBASE.dll
0x00007ff841f40000 - 0x00007ff841f59000 	C:\WINDOWS\SYSTEM32\dhcpcsvc6.DLL
0x00007ff842090000 - 0x00007ff8420af000 	C:\WINDOWS\SYSTEM32\dhcpcsvc.DLL

dbghelp: loaded successfully - version: 4.0.5 - missing functions: none
symbol engine: initialized successfully - sym options: 0x614 - pdb path: .;C:\Users\HrideshKumarGupta\.p2\pool\plugins\org.eclipse.justj.openjdk.hotspot.jre.full.win32.x86_64_17.0.8.v20230831-1047\jre\bin;C:\WINDOWS\SYSTEM32;C:\Program Files\SentinelOne\Sentinel Agent 23.3.3.264;C:\WINDOWS\WinSxS\amd64_microsoft.windows.common-controls_6595b64144ccf1df_6.0.22621.2506_none_270c5ae97388e100;C:\Users\HrideshKumarGupta\.p2\pool\plugins\org.eclipse.justj.openjdk.hotspot.jre.full.win32.x86_64_17.0.8.v20230831-1047\jre\bin\server

VM Arguments:
jvm_args: -ea -Dfile.encoding=UTF-8 -Dstdout.encoding=UTF-8 -Dstderr.encoding=UTF-8 -XX:+ShowCodeDetailsInExceptionMessages -agentpath:C:\Program Files\SentinelOne\Sentinel Agent 23.3.3.264\SentinelJava64.dll=extendedCapabilities 
java_command: org.testng.remote.RemoteTestNG -serport 56983 -protocol json -d D:\Selenium\RTS_LMD\test-output C:\Users\HRIDES~1\AppData\Local\Temp\testng-eclipse-2106388183\testng-customsuite.xml
java_class_path (initial): C:\Users\HrideshKumarGupta\eclipse\jee-2023-09\eclipse\configuration\org.eclipse.osgi\997\0\.cp\lib\testng-remote.jar;D:\Selenium\RTS_LMD\target\test-classes;D:\Selenium\RTS_LMD\target\classes;C:\Users\HrideshKumarGupta\.p2\pool\plugins\org.testng_7.4.0.r202105021533.jar;C:\Users\HrideshKumarGupta\.p2\pool\plugins\com.beust.jcommander_1.78.0.jar;C:\Users\HrideshKumarGupta\.p2\pool\plugins\org.apache-extras.beanshell.bsh_2.0.0.b6.jar;C:\Users\HrideshKumarGupta\.p2\pool\plugins\org.yaml.snakeyaml_1.21.0.jar;C:\Users\HrideshKumarGupta\.p2\pool\plugins\org.webjars.jquery_3.5.1.jar;C:\Users\HrideshKumarGupta\.m2\repository\junit\junit\4.11\junit-4.11.jar;C:\Users\HrideshKumarGupta\.m2\repository\org\hamcrest\hamcrest-core\1.3\hamcrest-core-1.3.jar;C:\Users\HrideshKumarGupta\.m2\repository\org\testng\testng\7.8.0\testng-7.8.0.jar;C:\Users\HrideshKumarGupta\.m2\repository\org\slf4j\slf4j-api\1.7.36\slf4j-api-1.7.36.jar;C:\Users\HrideshKumarGupta\.m2\repository\com\beust\jcommander\1.82\jcommander-1.82.jar;C:\Users\HrideshKumarGupta\.m2\repository\org\webjars\jquery\3.6.1\jquery-3.6.1.jar;C:\Users\HrideshKumarGupta\.m2\repository\org\seleniumhq\selenium\selenium-chrome-driver\4.12.1\selenium-chrome-driver-4.12.1.jar;C:\Users\HrideshKumarGupta\.m2\repository\com\google\auto\service\auto-service-annotations\1.1.1\auto-service-annotations-1.1.1.jar;C:\Users\HrideshKumarGupta\.m2\repository\com\google\guava\guava\32.1.2-jre\guava-32.1.2-jre.jar;C:\Users\HrideshKumarGupta\.m2\repository\com\google\guava\failureaccess\1.0.1\failureaccess-1.0.1.jar;C:\Users\HrideshKumarGupta\.m2\repository\com\google\guava\listenablefuture\9999.0-empty-to-avoid-conflict-with-guava\listenablefuture-9999.0-empty-to-avoid-conflict-with-guava.jar;C:\Users\HrideshKumarGupta\.m2\repository\com\google\code\findbugs\jsr305\3.0.2\jsr305-3.0.2.jar;C:\Users\HrideshKumarGupta\.m2\repository\org\checkerframework\checker-qual\3.33.0\checker-qual-3.33.0.jar;C:\Users\HrideshKumarGupta
Launcher Type: SUN_STANDARD

[Global flags]
     intx CICompilerCount                          = 3                                         {product} {ergonomic}
     uint ConcGCThreads                            = 1                                         {product} {ergonomic}
     uint G1ConcRefinementThreads                  = 4                                         {product} {ergonomic}
   size_t G1HeapRegionSize                         = 2097152                                   {product} {ergonomic}
    uintx GCDrainStackTargetSize                   = 64                                        {product} {ergonomic}
   size_t InitialHeapSize                          = 266338304                                 {product} {ergonomic}
   size_t MarkStackSize                            = 4194304                                   {product} {ergonomic}
   size_t MaxHeapSize                              = 4257218560                                {product} {ergonomic}
   size_t MaxNewSize                               = 2554331136                                {product} {ergonomic}
   size_t MinHeapDeltaBytes                        = 2097152                                   {product} {ergonomic}
   size_t MinHeapSize                              = 8388608                                   {product} {ergonomic}
    uintx NonNMethodCodeHeapSize                   = 5832780                                {pd product} {ergonomic}
    uintx NonProfiledCodeHeapSize                  = 122912730                              {pd product} {ergonomic}
    uintx ProfiledCodeHeapSize                     = 122912730                              {pd product} {ergonomic}
    uintx ReservedCodeCacheSize                    = 251658240                              {pd product} {ergonomic}
     bool SegmentedCodeCache                       = true                                      {product} {ergonomic}
     bool ShowCodeDetailsInExceptionMessages       = true                                   {manageable} {command line}
   size_t SoftMaxHeapSize                          = 4257218560                             {manageable} {ergonomic}
     bool UseCompressedClassPointers               = true                           {product lp64_product} {ergonomic}
     bool UseCompressedOops                        = true                           {product lp64_product} {ergonomic}
     bool UseG1GC                                  = true                                      {product} {ergonomic}
     bool UseLargePagesIndividualAllocation        = false                                  {pd product} {ergonomic}

Logging:
Log output configuration:
 #0: stdout all=warning uptime,level,tags
 #1: stderr all=off uptime,level,tags

Environment Variables:
PATH=C:/Users/HrideshKumarGupta/.p2/pool/plugins/org.eclipse.justj.openjdk.hotspot.jre.full.win32.x86_64_17.0.8.v20230831-1047/jre/bin/server;C:/Users/HrideshKumarGupta/.p2/pool/plugins/org.eclipse.justj.openjdk.hotspot.jre.full.win32.x86_64_17.0.8.v20230831-1047/jre/bin;C:\Program Files\Common Files\Oracle\Java\javapath;C:\Program Files (x86)\Common Files\Oracle\Java\javapath;C:\WINDOWS\system32;C:\WINDOWS;C:\WINDOWS\System32\Wbem;C:\WINDOWS\System32\WindowsPowerShell\v1.0\;C:\WINDOWS\System32\OpenSSH\;C:\Users\HrideshKumarGupta\AppData\Local\Microsoft\WindowsApps;C:\Users\HrideshKumarGupta\AppData\Local\GitHubDesktop\bin;;C:\Users\HrideshKumarGupta\AppData\Local\Programs\Microsoft VS Code\bin;C:\Users\HrideshKumarGupta\eclipse\jee-2023-09\eclipse;
USERNAME=HrideshKumarGupta
OS=Windows_NT
PROCESSOR_IDENTIFIER=Intel64 Family 6 Model 142 Stepping 12, GenuineIntel
TMP=C:\Users\HRIDES~1\AppData\Local\Temp
TEMP=C:\Users\HRIDES~1\AppData\Local\Temp



---------------  S Y S T E M  ---------------

OS:
 Windows 11 , 64 bit Build 22621 (10.0.22621.3085)
OS uptime: 8 days 14:27 hours
Hyper-V role detected

CPU: total 4 (initial active 4) (2 cores per cpu, 2 threads per core) family 6 model 142 stepping 12 microcode 0xf8, cx8, cmov, fxsr, ht, mmx, 3dnowpref, sse, sse2, sse3, ssse3, sse4.1, sse4.2, popcnt, lzcnt, tsc, tscinvbit, avx, avx2, aes, erms, clmul, bmi1, bmi2, adx, fma, vzeroupper, clflush, clflushopt, hv
Processor Information for all 4 processors :
  Max Mhz: 2592, Current Mhz: 2093, Mhz Limit: 2073

Memory: 4k page, system-wide physical 16232M (408M free)
TotalPageFile size 38719M (AvailPageFile size 12M)
current process WorkingSet (physical memory assigned to process): 81M, peak: 81M
current process commit charge ("private bytes"): 349M, peak: 349M

vm_info: OpenJDK 64-Bit Server VM (17.0.8.1+1) for windows-amd64 JRE (17.0.8.1+1), built on Aug 23 2023 15:29:17 by "admin" with MS VC++ 16.7 (VS2019)

END.
